# k_gauss = 0.1720209895000000E-01
 10
 0.2959122082855911E-03
 0.0000000000000000E+00 0.0000000000000000E+00 0.0000000000000000E+00
 0.0000000000000000E+00 0.0000000000000000E+00 0.0000000000000000E+00
 0.4912547451450812E-10
 -.2900583902712057E+00 -.3489039490956410E+00 -.1879793142140594E-02
 0.1592977749600573E-01 -.1667885497987841E-01 -.2824636670727426E-02
 0.7243452486162703E-09
 -.4444675749911450E+00 -.5714425618590404E+00 0.1784349747378644E-01
 0.1582459138442126E-01 -.1251240826157774E-01 -.1084437104569935E-02
 0.8997011346712499E-09
 0.9923672244811630E+00 -.1659471557548971E+00 -.6379084209169783E-06
 0.2557076530604535E-02 0.1690428945742438E-01 -.1324400176113702E-07
 0.9549535105779258E-10
 -.1141231509333981E+01 0.1194941860377411E+01 0.5308301817376465E-01
 -.9589584296344060E-02 -.8473389710993271E-02 0.5818843701767992E-04
 0.2825345909524226E-06
 0.2554861302601720E+01 0.4315339842184046E+01 -.7510578999063425E-01
 -.6595640488786285E-02 0.4204815422515639E-02 0.1302176167344846E-03
 0.8459715185680659E-07
 0.5233558091340213E+01 0.7476891411334261E+01 -.3382099440132607E+00
 -.4870822236477441E-02 0.3191757247433658E-02 0.1381559574588886E-03
 0.1292024916781969E-07
 0.1509795104159280E+02 -.1303521742408714E+02 -.2441852416518265E+00
 0.2535072802892397E-02 0.2798339055129362E-02 -.2240390253341505E-04
 0.1524358900784276E-07
 0.1746476040673360E+02 -.2452924773277722E+02 0.1026517804325880E+00
 0.2529776793980865E-02 0.1843291438712036E-02 -.9616542924837392E-04
 0.2188699765425970E-11
 -.9098410359024527E+01 -.2834215062761693E+02 0.5666418196755353E+01
 0.3052657376878692E-02 -.1463157446633423E-02 -.7278722936240471E-03
           2
 0.2499997500000000E+01 0.0000000000000000E+00 0.0000000000000000E+00
 -.0000000000000000E+00 0.1087957349280953E-01 0.0000000000000000E+00
 0
 0.0
 0.2499997500000000E+01 0.0000000000000000E+00 0.0000000000000000E+00
 -.0000000000000000E+00 0.1087957349280953E-01 0.0000000000000000E+00
 0
 0.0
