# laplac: Total angular momentum in ecliptic frame L_ecl (x, y, z):
#  0.4727684060535547E-09 0.1495492660865012E-09 0.1800037663625227E-07
# laplac: T. a. m. in spherical ecliptic coordinates L_ecl (r, theta/deg, phi/deg):
#  0.1800720505785631E-07 0.1755355324552066E+02 0.8842206771099687E+02
# laplac: Total angular momentum in invariant frame L_inv (x, y, z):
#  0.8084638149782636E-18 0.3231174267785264E-26 0.1800720505785631E-07
           9
 0.2959122104742908E-03
 0.0000000000000000E+00 0.0000000000000000E+00 0.0000000000000000E+00
 0.0000000000000000E+00 0.0000000000000000E+00 0.0000000000000000E+00
 0.4912547451450812E-10
 -.3697808699367746E+00 0.1150278756905393E+00 0.2515933663919607E-01
 -.1353763952349042E-01 -.2394012404115053E-01 -.2047372961330457E-02
 0.7243452486162703E-09
 0.6842536900039563E+00 0.2356373913353810E+00 -.8778019386612051E-02
 -.6697814910564355E-02 0.1905849465384172E-01 0.7363594810336794E-03
 0.8997011346712499E-09
 -.8183156686586556E+00 -.5927832835430262E+00 -.2254134410400955E-01
 0.9799932870816324E-02 -.1391133922705053E-01 0.2699285162368700E-03
 0.9549535105779258E-10
 -.1257545890797922E+01 0.1092545069595547E+01 0.1679144520473956E-01
 -.8315321738814460E-02 -.9579740531267450E-02 -.3493675020259477E-03
 0.2825345909524226E-06
 -.4441742135773895E+00 -.5179642711875682E+01 -.1675082152610306E-01
 0.7545786845901519E-02 -.2765965933188743E-03 0.3666875263072925E-04
 0.8459715185680659E-07
 -.7157599271368105E+01 0.5940338783535571E+01 0.8465993805491119E-01
 -.3850906942084121E-02 -.4213974975526771E-02 0.7952762418418439E-04
 0.1292024916781969E-07
 0.1769198456507860E+02 -.9531189265647530E+01 0.2175592116374552E+00
 0.1787526177219862E-02 0.3295640652104085E-02 0.5374985857499517E-04
 0.1524358900784276E-07
 0.1706038481634941E+02 -.2472291366710524E+02 0.3022267427200102E+00
 0.2577160267972128E-02 0.1805930345613738E-02 -.2443917232336031E-04
           1
 0.1162399200392627E+01 0.1846054912069796E+01 0.5493447578613082E-01
 -.9735819539053026E-02 0.6312476334111397E-02 -.2185648896354886E-03
0
0.0
