 5
 0.2959139791414997E-03
 0.0000000000000000E+00 0.0000000000000000E+00 0.0000000000000000E+00
 0.0000000000000000E+00 0.0000000000000000E+00 0.0000000000000000E+00
 0.2825345909524226E-06
 0.1138395483779167E+01 -.5072503850332697E+01 -.4513362255657430E-02
 0.7276067167159768E-02 0.2011511896434972E-02 -.1711326489670305E-03
 0.8459715185680659E-07
 -.8611086437664790E+01 0.3506541493284780E+01 0.2817240612453692E+00
 -.2397197398500537E-02 -.5178074631103085E-02 0.1855365401191454E-03
 0.1292024916781969E-07
 0.1974206091864249E+02 -.3751738242138869E+01 -.2697009218985061E+00
 0.7110911837842611E-03 0.3681535355318153E-02 0.4505088253858486E-05
 0.1524358900784276E-07
 0.2372410241430833E+02 -.1842578039241503E+02 -.1676733669256969E+00
 0.1910910329351162E-02 0.2498604385799109E-02 -.9539815683054022E-04
 4
 0.8971215179296185E+00 0.1976154639709028E+01 0.1755429234516655E+00
 -.1053044734473643E-01 0.4905394198994649E-02 0.5800203656366736E-03
 0
 0.0
 -.2006442818677970E+01 -.8727674622361694E+00 -.5501602139111137E-01
 0.4732153209185433E-02 -.1050373824658059E-01 -.1052166889038007E-02
 0
 0.0
 -.2159293199826235E+01 -.3788049772835455E+00 -.3836901828273338E-02
 0.2091395110532472E-02 -.1130647630684630E-01 -.1090292939512891E-02
 0
 0.0
 0.1848308656858370E+01 -.1062012786613330E+01 -.1324080111052486E+00
 0.5922454461105726E-02 0.1023575067961740E-01 0.8454770389298029E-03
 0
 0.0
