# laplac: Total angular momentum in ecliptic frame L_ecl (x, y, z):
#  0.4720642197476590E-09 0.1497786949797020E-09 0.1797177997344237E-07
# laplac: T. a. m. in spherical ecliptic coordinates L_ecl (r, theta/deg, phi/deg):
#  0.1797860266257809E-07 0.1760342992551533E+02 0.8842147599966546E+02
# laplac: Total angular momentum in invariant frame L_inv (x, y, z):
#  0.8072479121863409E-18 0.2908056841006738E-25 0.1797860266257809E-07
           5
 0.2959139791414997E-03
 0.0000000000000000E+00 0.0000000000000000E+00 0.0000000000000000E+00
 0.0000000000000000E+00 0.0000000000000000E+00 0.0000000000000000E+00
 0.2825345909524226E-06
 -.4486798221287293E+00 -.5179252982642321E+01 -.1687953117938676E-01
 0.7545534452681133E-02 -.2831608582495890E-03 0.3673779824151025E-04
 0.8459715185680659E-07
 -.7152426980360460E+01 0.5946563770676156E+01 0.8472862350150034E-01
 -.3854581697986162E-02 -.4210621577340374E-02 0.7938467330828646E-04
 0.1292024916781969E-07
 0.1768368303009698E+02 -.9546585264519997E+01 0.2175132605175623E+00
 0.1790384283780540E-02 0.3294085359424577E-02 0.5384515901854442E-04
 0.1524358900784276E-07
 0.1703886308278339E+02 -.2473775633268149E+02 0.3018099784812720E+00
 0.2578722564992169E-02 0.1803690366216139E-02 -.2437144848946813E-04
           4
 0.1447367063992895E+01 0.1612302661289975E+01 0.2154952584528725E+00
 -.8566541809589635E-02 0.7860378260471191E-02 0.3441688237113264E-03
0
0.0
 -.2174093193540656E+01 -.2250956157174421E+00 -.1149492929828096E+00
 0.1362422852649691E-02 -.1144300579756041E-01 -.1015021476545393E-02
0
0.0
 -.2171809646020044E+01 0.2919619479723291E+00 -.6368781544960116E-01
 -.1395347345468923E-02 -.1140951727213680E-01 -.1129159015326206E-02
0
0.0
 0.1443676568555910E+01 -.1571259804627342E+01 -.9267428509425299E-01
 0.8714080668161338E-02 0.7965326883520082E-02 0.1085935536745075E-02
0
0.0
