# k_gauss = 0.1720209895000000E-01
 10
 0.2959122082855911E-03
 0.0000000000000000E+00 0.0000000000000000E+00 0.0000000000000000E+00
 0.0000000000000000E+00 0.0000000000000000E+00 0.0000000000000000E+00
 0.4912547451450812E-10
 -.3864600354862669E+00 -.1602170074551660E-02 0.3533234140555620E-01
 -.5735852025214805E-02 -.2692373120382385E-01 -.1673815587694525E-02
 0.7243452486162703E-09
 0.5808463336492261E+00 0.4308825792243013E+00 -.2761670784360751E-01
 -.1211216653083715E-01 0.1615788478483312E-01 0.9205155120077254E-03
 0.8997011346712499E-09
 -.6017254236082077E+00 -.8120760800476735E+00 0.8869634100961842E-06
 0.1354276671039820E-01 -.1030681208372443E-01 -.3099942997742874E-07
 0.9549535105779258E-10
 -.1527601760264695E+01 0.6626820858693659E+00 0.5141368234220209E-01
 -.5045066867113694E-02 -.1164349173788776E-01 -.1202590667115000E-03
 0.2825345909524226E-06
 0.1138394516867886E+01 -.5072505282367437E+01 -.4513382047041035E-02
 0.7276076137688305E-02 0.2011511879339103E-02 -.1711307188338216E-03
 0.8459715185680659E-07
 -.8611087404576072E+01 0.3506540061250040E+01 0.2817240414539856E+00
 -.2397188427972001E-02 -.5178074648198954E-02 0.1855384702523543E-03
 0.1292024916781969E-07
 0.1974205995173121E+02 -.3751739674173609E+01 -.2697009416898897E+00
 0.7111001543127974E-03 0.3681535338222283E-02 0.4507018387067335E-05
 0.1524358900784276E-07
 0.2372410144739705E+02 -.1842578182444977E+02 -.1676733867170805E+00
 0.1910919299879698E-02 0.2498604368703240E-02 -.9539622669733138E-04
 0.2188699765425970E-11
 -.2827712552848481E+00 -.3127218665064657E+02 0.3427240441388351E+01
 0.3202531240494504E-02 -.6191116809188368E-03 -.8583097213859623E-03
           4
 0.8971205510183369E+00 0.1976153207674288E+01 0.1755429036602819E+00
 -.1053043837420789E-01 0.4905394181898780E-02 0.5800222957698825E-03
 0
 0.0
 -.2006443785589252E+01 -.8727688942709095E+00 -.5501604118249497E-01
 0.4732162179713969E-02 -.1050373826367646E-01 -.1052164958904798E-02
 0
 0.0
 -.2159294166737517E+01 -.3788064093182856E+00 -.3836921619656942E-02
 0.2091404081061008E-02 -.1130647632394217E-01 -.1090291009379682E-02
 0
 0.0
 0.1848307689947089E+01 -.1062014218648070E+01 -.1324080308966322E+00
 0.5922463431634262E-02 0.1023575066252153E-01 0.8454789690630118E-03
 0
 0.0
