# k_gauss = 0.1720209895000000E-01
 10
 0.2959122082855911E-03
 0.0000000000000000E+00 0.0000000000000000E+00 0.0000000000000000E+00
 0.0000000000000000E+00 0.0000000000000000E+00 0.0000000000000000E+00
 0.4912547451450812E-10
 0.3594988968440316E+00 -.9407031970822687E-01 -.4067705599166660E-01
 0.1662509057314029E-02 0.2848221440209754E-01 0.2174879958260943E-02
 0.7243452486162703E-09
 0.8936237628003620E-01 -.7217024554882521E+00 -.1504585856138963E-01
 0.1993692748757508E-01 0.2414197305311605E-02 -.1117604787666588E-02
 0.8997011346712499E-09
 0.4435801195961367E+00 -.9143708934942172E+00 -.1509049187706034E-05
 0.1519915792027114E-01 0.7444253913147663E-02 -.4990419366841319E-08
 0.9549535105779258E-10
 0.1391411472225514E+01 0.1011580319293408E+00 -.3205483428011767E-01
 -.4783982331187787E-03 0.1515125536468553E-01 0.3294421344559496E-03
 0.2825345909524226E-06
 -.1082258388797211E+01 -.5193533226553802E+01 0.4568895195328615E-01
 0.7300496801048479E-02 -.1184608175641562E-02 -.1584681572242168E-03
 0.8459715185680659E-07
 -.7752578091353226E+01 0.4993325358219524E+01 0.2216720081852406E+00
 -.3314141085106235E-02 -.4704058687085108E-02 0.2137585986464535E-03
 0.1292024916781969E-07
 0.1949643198375396E+02 -.4849007749897590E+01 -.2706020029013030E+00
 0.9259015712654254E-03 0.3631615938422400E-02 0.1555696861263340E-05
 0.1524358900784276E-07
 0.2313925806894288E+02 -.1916574057443105E+02 -.1389427593716295E+00
 0.1987617189044394E-02 0.2434099655325123E-02 -.9588778953659817E-04
 0.2188699765425970E-11
 -.1243262629805378E+01 -.3107257778510757E+02 0.3683277301893986E+01
 0.3200191010811290E-02 -.7116393002104726E-03 -.8480645816110272E-03
           1
 -.1592156897771846E+00 -.3409756882479685E+01 0.2955216569776704E+00
 0.9866110369572540E-02 -.3470273480288612E-03 0.1044855665619193E-02
 0
 0.0
